Arguments: 
  C:\Program Files\nodejs\node.exe C:\Program Files\nodejs\node_modules\yarn\bin\yarn.js add recorderjs -S

PATH: 
  C:\Users\Administrator\AppData\Local\Programs\Python\Python39\Scripts\;C:\Users\Administrator\AppData\Local\Programs\Python\Python39\;C:\Python39\Scripts\;C:\Python39\;C:\windows\system32;C:\windows;C:\windows\System32\Wbem;C:\windows\System32\WindowsPowerShell\v1.0\;C:\windows\System32\OpenSSH\;C:\Program Files\Intel\WiFi\bin\;C:\Program Files\Common Files\Intel\WirelessCommon\;D:\soft\Git\cmd;C:\ProgramData\chocolatey\bin;C:\Program Files\Java\jdk1.8.0_211\bin;C:\Users\Administrator\AppData\Roaming\nvm;C:\Program Files\nodejs;C:\Users\Administrator\AppData\Roaming\npm;C:\Users\Administrator\AppData\Local\Microsoft\WindowsApps;C:\tools\Cmder;C:\Program Files\nodejs\node_modules\npm;D:\Software\Microsoft VS Code\bin;D:\Software\flutter\bin;C:\Program Files\Java\jdk1.8.0_211\jre\bin;C:\Users\Administrator\AppData\Roaming\nvm;C:\Program Files\nodejs;C:\Program Files\nodejs\node_modules;D:\Software\apache-maven-3.8.4\bin;D:\Software\mysql-8.0.28\bin;D:\Software\gradle-7.4\bin;D:\Software\RailsInstaller\Ruby2.3.3\bin;D:\Software\RailsInstaller\DevKit\bin;C:\Users\Administrator\AppData\Local\GitHubDesktop\bin

Yarn version: 
  1.22.17

Node version: 
  16.14.0

Platform: 
  win32 x64

Trace: 
  Error: EPERM: operation not permitted, unlink 'D:\MyProject\Local\vite-vue3-demo\node_modules\esbuild-windows-64\esbuild.exe'

npm manifest: 
  {
    "name": "vite-vue3-demo",
    "version": "0.0.0",
    "scripts": {
      "dev": "vite --port 8080",
      "build": "vue-tsc --noEmit && vite build",
      "preview": "vite preview"
    },
    "dependencies": {
      "@vueuse/core": "^7.5.5",
      "authing-js-sdk": "^4.23.29",
      "exceljs": "^4.3.0",
      "validatorjs": "^3.22.1",
      "vue": "^3.2.25",
      "vue-color": "^2.8.1",
      "vue-router": "^4.0.14",
      "xlsx": "^0.18.2"
    },
    "devDependencies": {
      "@vitejs/plugin-vue": "^2.0.0",
      "typescript": "^4.4.4",
      "vite": "^2.7.2",
      "vue-tsc": "^0.29.8"
    }
  }

yarn manifest: 
  No manifest

Lockfile: 
  No lockfile
